\BOOKMARK [0][-]{chapter.1}{Code\040Blocks\040y\040ecuaciones}{}% 1
\BOOKMARK [1][-]{section.1.1}{Code\040cells\040y\040code\040Blocks}{chapter.1}% 2
\BOOKMARK [2][-]{subsection.1.1.1}{Code\040blocks\040and\040outputs}{section.1.1}% 3
\BOOKMARK [3][-]{subsubsection*.6}{Celdas\040no\040ejecutables\040pero\040numeradas\040y\040con\040formato}{subsection.1.1.1}% 4
\BOOKMARK [3][-]{subsubsection*.7}{Celdas\040con\040salida\040de\040error}{subsection.1.1.1}% 5
\BOOKMARK [3][-]{subsubsection*.8}{Celdas\040desplegables}{subsection.1.1.1}% 6
\BOOKMARK [3][-]{subsubsection*.9}{Celdas\040con\040scroll}{subsection.1.1.1}% 7
\BOOKMARK [3][-]{subsubsection*.10}{Colores\040en\040los\040print}{subsection.1.1.1}% 8
\BOOKMARK [2][-]{subsection.1.1.2}{glue\040para\040insertar\040variables\040en\040el\040texto}{section.1.1}% 9
\BOOKMARK [3][-]{subsubsection*.11}{\376\377\040\034\000G\000l\000u\000i\000n\000g\040\035\000\040\000v\000a\000r\000i\000a\000b\000l\000e\000s\000\040\000e\000n\000\040\000e\000l\000\040\000n\000o\000t\000e\000b\000o\000o\000k}{subsection.1.1.2}% 10
\BOOKMARK [3][-]{subsubsection*.12}{\376\377\040\034\000G\000l\000u\000i\000n\000g\040\035\000\040\000n\000u\000m\000e\000r\000o\000s\000,\000\040\000p\000l\000o\000t\000s\000.\000\040\000m\000a\000t\000h\000\040\000y\000\040\000t\000a\000b\000l\000a\000s}{subsection.1.1.2}% 11
\BOOKMARK [3][-]{subsubsection*.13}{\376\377\040\034\000P\000a\000s\000t\000i\000n\000g\040\035\000\040\000l\000a\000s\000\040\000v\000a\000r\000i\000a\000b\000l\000e\000s}{subsection.1.1.2}% 12
\BOOKMARK [4][-]{paragraph*.14}{glue:any\040\(sin\040formato\)}{subsubsection*.13}% 13
\BOOKMARK [4][-]{paragraph*.15}{glue:text}{subsubsection*.13}% 14
\BOOKMARK [4][-]{paragraph*.16}{glue:figure}{subsubsection*.13}% 15
\BOOKMARK [4][-]{paragraph*.17}{glue:math}{subsubsection*.13}% 16
\BOOKMARK [3][-]{subsubsection*.18}{\376\377\040\034\000P\000a\000s\000t\000i\000n\000g\040\035\000\040\000e\000n\000\040\000t\000a\000b\000l\000a\000s}{subsection.1.1.2}% 17
\BOOKMARK [2][-]{subsection.1.1.3}{Estadisticas\040de\040las\040ejecuciones}{section.1.1}% 18
\BOOKMARK [1][-]{section.1.2}{Ecuaciones}{chapter.1}% 19
\BOOKMARK [0][-]{chapter.2}{Roles\040and\040directives}{}% 20
\BOOKMARK [1][-]{section.2.1}{Cuadros\040\(admonitions\)}{chapter.2}% 21
\BOOKMARK [2][-]{subsection.2.1.1}{\376\377\000C\000u\000a\000d\000r\000o\000s\000\040\000d\000o\000n\000d\000e\000\040\000s\000e\000\040\000p\000u\000e\000d\000e\000\040\000c\000a\000m\000b\000i\000a\000r\000\040\000e\000l\000\040\000t\000\355\000t\000u\000l\000o}{section.2.1}% 22
\BOOKMARK [2][-]{subsection.2.1.2}{\376\377\000C\000u\000a\000d\000r\000o\000s\000\040\000r\000\341\000p\000i\000d\000o\000s\000\040\000\050\000n\000o\000\040\000s\000e\000\040\000p\000u\000e\000d\000e\000\040\000c\000a\000m\000b\000i\000a\000r\000\040\000e\000l\000\040\000t\000\355\000t\000u\000l\000o\000\051}{section.2.1}% 23
\BOOKMARK [2][-]{subsection.2.1.3}{Cuadros\040\(usando\040:::\040:::\)}{section.2.1}% 24
\BOOKMARK [2][-]{subsection.2.1.4}{Cuadros\040con\040html}{section.2.1}% 25
\BOOKMARK [1][-]{section.2.2}{Footnotes}{chapter.2}% 26
\BOOKMARK [1][-]{section.2.3}{Figuras}{chapter.2}% 27
\BOOKMARK [1][-]{section.2.4}{\376\377\000M\000\341\000s\000\040\000c\000o\000s\000a\000s}{chapter.2}% 28
\BOOKMARK [2][-]{subsection.2.4.1}{Margin\040and\040sidebar}{section.2.4}% 29
\BOOKMARK [2][-]{subsection.2.4.2}{hlist}{section.2.4}% 30
\BOOKMARK [2][-]{subsection.2.4.3}{rubric}{section.2.4}% 31
\BOOKMARK [2][-]{subsection.2.4.4}{Centered}{section.2.4}% 32
\BOOKMARK [2][-]{subsection.2.4.5}{Sectionauthor}{section.2.4}% 33
\BOOKMARK [2][-]{subsection.2.4.6}{Glossary}{section.2.4}% 34
\BOOKMARK [2][-]{subsection.2.4.7}{Sustitutions}{section.2.4}% 35
\BOOKMARK [2][-]{subsection.2.4.8}{Grids}{section.2.4}% 36
\BOOKMARK [2][-]{subsection.2.4.9}{Dropdowns}{section.2.4}% 37
\BOOKMARK [2][-]{subsection.2.4.10}{Tab\040content}{section.2.4}% 38
\BOOKMARK [2][-]{subsection.2.4.11}{Table}{section.2.4}% 39
\BOOKMARK [0][-]{chapter.3}{Referenciar\040cosas}{}% 40
\BOOKMARK [1][-]{section.3.1}{Editar\040nombre\040en\040numref:}{chapter.3}% 41
\BOOKMARK [1][-]{section.3.2}{\376\377\000R\000e\000f\000e\000r\000e\000n\000c\000i\000a\000s\000\040\000b\000i\000b\000l\000i\000o\000g\000r\000\341\000f\000i\000c\000a\000s}{chapter.3}% 42
\BOOKMARK [0][-]{chapter.4}{\376\377\000T\000e\000o\000r\000e\000m\000a\000s\000,\000\040\000p\000r\000u\000e\000b\000a\000s\000,\000\040\000a\000l\000g\000o\000r\000i\000t\000m\000o\000s\000\040\040\046}{}% 43
\BOOKMARK [1][-]{section.4.1}{Theorems}{chapter.4}% 44
\BOOKMARK [1][-]{section.4.2}{Lemmas}{chapter.4}% 45
\BOOKMARK [1][-]{section.4.3}{Corollaries}{chapter.4}% 46
\BOOKMARK [1][-]{section.4.4}{Proofs}{chapter.4}% 47
\BOOKMARK [1][-]{section.4.5}{Definitions}{chapter.4}% 48
\BOOKMARK [1][-]{section.4.6}{Examples}{chapter.4}% 49
\BOOKMARK [1][-]{section.4.7}{Axioms}{chapter.4}% 50
\BOOKMARK [1][-]{section.4.8}{Algoritms}{chapter.4}% 51
\BOOKMARK [1][-]{section.4.9}{Conjectures}{chapter.4}% 52
\BOOKMARK [1][-]{section.4.10}{Criteria}{chapter.4}% 53
\BOOKMARK [1][-]{section.4.11}{Observations}{chapter.4}% 54
\BOOKMARK [1][-]{section.4.12}{Properties}{chapter.4}% 55
\BOOKMARK [1][-]{section.4.13}{Propositions}{chapter.4}% 56
\BOOKMARK [1][-]{section.4.14}{Remarks}{chapter.4}% 57
\BOOKMARK [0][-]{chapter*.24}{Bibliography}{}% 58
\BOOKMARK [0][-]{section*.25}{Proof\040Index}{}% 59
